{
  message: 'listen on port 3000',
  level: 'info',
  timestamp: '2024-02-11T19:48:32.942Z'
}
{
  message: 'listen on port 3000',
  level: 'info',
  timestamp: '2024-02-11T19:48:38.242Z'
}
{
  message: 'listen on port 3000',
  level: 'info',
  timestamp: '2024-02-11T19:48:57.848Z'
}
{
  message: 'listen on port 3000',
  level: 'info',
  timestamp: '2024-02-11T19:50:47.930Z'
}
{
  message: 'listen on port 3000',
  level: 'info',
  timestamp: '2024-02-11T19:51:47.925Z'
}
{
  message: 'listen on port 3000',
  level: 'info',
  timestamp: '2024-02-11T19:52:17.520Z'
}
{
  message: 'listen on port 3000',
  level: 'info',
  timestamp: '2024-02-11T19:53:20.827Z'
}
{
  message: 'listen on port 3000',
  level: 'info',
  timestamp: '2024-02-11T19:54:05.440Z'
}
{
  message: 'listen on port 3000',
  level: 'info',
  timestamp: '2024-02-11T19:54:20.971Z'
}
{
  message: 'listen on port 3000',
  level: 'info',
  timestamp: '2024-02-11T19:55:21.177Z'
}
{
  message: 'listen on port 3000',
  level: 'info',
  timestamp: '2024-02-11T19:55:53.040Z'
}
{
  message: 'listen on port 3000',
  level: 'info',
  timestamp: '2024-02-11T19:55:55.766Z'
}
{
  message: 'listen on port 3000',
  level: 'info',
  timestamp: '2024-02-11T19:56:59.982Z'
}
{
  message: 'Имя или пароль неверный',
  level: 'error',
  timestamp: '2024-02-11T19:57:37.074Z'
}
{
  message: 'Такой пользователь в базе уже существует',
  level: 'error',
  timestamp: '2024-02-11T19:58:35.837Z'
}
{
  message: 'listen on port 3000',
  level: 'info',
  timestamp: '2024-02-11T19:59:14.811Z'
}
{
  message: 'Такой пользователь в базе уже существует',
  level: 'error',
  timestamp: '2024-02-11T19:59:31.163Z'
}
{
  message: 'listen on port 3000',
  level: 'info',
  timestamp: '2024-02-11T20:01:51.756Z'
}
{
  message: 'listen on port 3000',
  level: 'info',
  timestamp: '2024-02-11T20:03:47.519Z'
}
{
  message: 'listen on port 3000',
  level: 'info',
  timestamp: '2024-02-11T20:06:03.029Z'
}
{
  message: 'listen on port 3000',
  level: 'info',
  timestamp: '2024-02-11T20:06:18.478Z'
}
{
  message: 'listen on port 3000',
  level: 'info',
  timestamp: '2024-02-11T20:08:38.284Z'
}
{
  message: "development, 404, Could't get path",
  level: 'error',
  timestamp: '2024-02-11T20:08:45.878Z'
}
{
  message: 'listen on port 3000',
  level: 'info',
  timestamp: '2024-02-11T20:09:06.133Z'
}
{
  message: "development 404 Could't get path",
  level: 'error',
  timestamp: '2024-02-11T20:09:06.303Z'
}
{
  message: 'listen on port 3000',
  level: 'info',
  timestamp: '2024-02-12T06:35:50.065Z'
}
{
  message: 'listen on port 3000',
  level: 'info',
  timestamp: '2024-02-12T06:47:26.267Z'
}
{
  message: 'listen on port 3000',
  level: 'info',
  timestamp: '2024-02-12T06:47:59.966Z'
}
{
  message: 'listen on port 3000',
  level: 'info',
  timestamp: '2024-02-12T06:48:43.901Z'
}
{
  message: 'listen on port 3000',
  level: 'info',
  timestamp: '2024-02-12T06:49:29.774Z'
}
{
  message: 'listen on port 3000',
  level: 'info',
  timestamp: '2024-02-12T06:49:42.025Z'
}
{
  message: 'listen on port 3000',
  level: 'info',
  timestamp: '2024-02-12T06:51:36.466Z'
}
{
  message: 'listen on port 3000',
  level: 'info',
  timestamp: '2024-02-19T05:55:58.501Z'
}
{
  message: 'listen on port 3000',
  level: 'info',
  timestamp: '2024-02-19T06:03:24.470Z'
}
{
  message: 'listen on port 3000',
  level: 'info',
  timestamp: '2024-02-19T06:04:34.572Z'
}
{
  message: 'listen on port 3000',
  level: 'info',
  timestamp: '2024-02-19T06:05:16.713Z'
}
{
  message: 'Пользователь зашёл на страницу постов',
  level: 'info',
  timestamp: '2024-02-19T06:05:25.269Z'
}
{
  message: 'Пользователь зашёл на главную страницу',
  level: 'info',
  timestamp: '2024-02-19T06:06:19.088Z'
}
{
  message: 'listen on port 3000',
  level: 'info',
  timestamp: '2024-02-19T06:06:19.094Z'
}
{
  message: 'Пользователь зашёл на страницу постов',
  level: 'info',
  timestamp: '2024-02-19T06:06:28.751Z'
}
{
  message: 'Пользователь зашёл на главную страницу',
  level: 'info',
  timestamp: '2024-02-19T07:48:12.031Z'
}
{
  message: 'listen on port 3000',
  level: 'info',
  timestamp: '2024-02-19T07:48:12.036Z'
}
{
  message: 'Пользователь зашёл на главную страницу',
  level: 'info',
  timestamp: '2024-02-19T07:48:35.109Z'
}
{
  message: 'listen on port 3000',
  level: 'info',
  timestamp: '2024-02-19T07:48:35.114Z'
}
{
  message: 'Пользователь зашёл на главную страницу',
  level: 'info',
  timestamp: '2024-02-19T07:49:36.836Z'
}
{
  message: 'listen on port 3000',
  level: 'info',
  timestamp: '2024-02-19T07:49:36.841Z'
}
{
  message: 'Пользователь зашёл на главную страницу',
  level: 'info',
  timestamp: '2024-02-19T07:50:20.625Z'
}
{
  message: 'listen on port 3000',
  level: 'info',
  timestamp: '2024-02-19T07:50:20.630Z'
}
{
  message: 'Пользователь зашёл на страницу логина',
  level: 'info',
  timestamp: '2024-02-19T07:50:35.341Z'
}
{
  message: 'Пользователь вошёл в аккаунт',
  level: 'info',
  timestamp: '2024-02-19T07:50:40.317Z'
}
{
  message: 'Пользователь зашёл на страницу постов',
  level: 'info',
  timestamp: '2024-02-19T07:50:40.338Z'
}
{
  message: 'Пользователь создал новый пост',
  level: 'info',
  timestamp: '2024-02-19T07:50:47.231Z'
}
{
  message: 'Пользователь зашёл на страницу постов',
  level: 'info',
  timestamp: '2024-02-19T07:50:47.276Z'
}
{
  message: 'Пользователь создал новый пост',
  level: 'info',
  timestamp: '2024-02-19T07:51:05.530Z'
}
{
  message: 'Пользователь зашёл на страницу постов',
  level: 'info',
  timestamp: '2024-02-19T07:51:05.537Z'
}
{
  message: 'Пользователь вышел',
  level: 'info',
  timestamp: '2024-02-19T07:54:11.323Z'
}
{
  message: 'Пользователь зашёл на страницу постов',
  level: 'info',
  timestamp: '2024-02-19T07:54:11.328Z'
}
{
  message: 'Пользователь зашёл на страницу регистрации',
  level: 'info',
  timestamp: '2024-02-19T07:54:12.098Z'
}
{
  message: 'development undefined C:\\Users\\zasmo\\NODE-4\\views\\registerForm.ejs:17\n' +
    "    15|       <%#- include ('./partials/messages') %>\r\n" +
    '    16|       <p>Заполните форму ниже чтобы изменить пост</p>\r\n' +
    ' >> 17|       <form method="post" action="/update/<%= entry.id %>">\r\n' +
    '    18|         <div class="mb-3">\r\n' +
    '    19|           <label for="z" class="form-label">Title</label>\r\n' +
    '    20|           <input\r\n' +
    '\n' +
    'entry is not defined',
  level: 'error',
  timestamp: '2024-02-19T07:54:12.112Z'
}
{
  message: 'Пользователь зашёл на страницу регистрации',
  level: 'info',
  timestamp: '2024-02-19T07:54:22.042Z'
}
{
  message: 'development undefined C:\\Users\\zasmo\\NODE-4\\views\\registerForm.ejs:17\n' +
    "    15|       <%#- include ('./partials/messages') %>\r\n" +
    '    16|       <p>Заполните форму ниже чтобы изменить пост</p>\r\n' +
    ' >> 17|       <form method="post" action="/update/<%= entry.id %>">\r\n' +
    '    18|         <div class="mb-3">\r\n' +
    '    19|           <label for="z" class="form-label">Title</label>\r\n' +
    '    20|           <input\r\n' +
    '\n' +
    'entry is not defined',
  level: 'error',
  timestamp: '2024-02-19T07:54:22.060Z'
}
{
  message: 'Пользователь зашёл на главную страницу',
  level: 'info',
  timestamp: '2024-02-19T07:58:04.352Z'
}
{
  message: 'listen on port 3000',
  level: 'info',
  timestamp: '2024-02-19T07:58:04.358Z'
}
{
  message: 'Пользователь зашёл на страницу регистрации',
  level: 'info',
  timestamp: '2024-02-19T07:58:07.247Z'
}
{
  message: 'Пользователь зашёл на страницу регистрации',
  level: 'info',
  timestamp: '2024-02-19T07:58:08.637Z'
}
{
  message: 'Пользователь зашёл на страницу постов',
  level: 'info',
  timestamp: '2024-02-19T07:58:12.111Z'
}
{
  message: 'Пользователь зашёл на страницу регистрации',
  level: 'info',
  timestamp: '2024-02-19T07:58:13.650Z'
}
{
  message: 'Пользователь зашёл на главную страницу',
  level: 'info',
  timestamp: '2024-02-19T08:00:26.677Z'
}
{
  message: 'listen on port 3000',
  level: 'info',
  timestamp: '2024-02-19T08:00:26.682Z'
}
{
  message: 'Такой пользователь в базе уже существует',
  level: 'error',
  timestamp: '2024-02-19T08:00:29.829Z'
}
{
  message: 'Пользователь зашёл на главную страницу',
  level: 'info',
  timestamp: '2024-02-19T08:00:45.288Z'
}
{
  message: 'listen on port 3000',
  level: 'info',
  timestamp: '2024-02-19T08:00:45.293Z'
}
{
  message: 'Такой пользователь в базе уже существует',
  level: 'error',
  timestamp: '2024-02-19T08:00:48.424Z'
}
{
  message: 'Пользователь зашёл на главную страницу',
  level: 'info',
  timestamp: '2024-02-19T08:01:36.805Z'
}
{
  message: 'listen on port 3000',
  level: 'info',
  timestamp: '2024-02-19T08:01:36.810Z'
}
{
  message: 'Пользователь зашёл на страницу постов',
  level: 'info',
  timestamp: '2024-02-19T08:01:36.996Z'
}
{
  message: 'Пользователь зашёл на страницу постов',
  level: 'info',
  timestamp: '2024-02-19T08:01:41.938Z'
}
{
  message: 'Пользователь зашёл на страницу регистрации',
  level: 'info',
  timestamp: '2024-02-19T08:01:44.393Z'
}
{
  message: 'Такой пользователь в базе уже существует',
  level: 'error',
  timestamp: '2024-02-19T08:01:58.524Z'
}
{
  message: 'Пользователь зашёл на страницу постов',
  level: 'info',
  timestamp: '2024-02-19T08:01:58.532Z'
}
{
  message: 'Пользователь зашёл на страницу логина',
  level: 'info',
  timestamp: '2024-02-19T08:02:06.940Z'
}
{
  message: 'Пользователь вошёл в аккаунт',
  level: 'info',
  timestamp: '2024-02-19T08:02:16.022Z'
}
{
  message: 'Пользователь зашёл на страницу постов',
  level: 'info',
  timestamp: '2024-02-19T08:02:16.029Z'
}
{
  message: 'Пользователь вышел',
  level: 'info',
  timestamp: '2024-02-19T08:02:19.196Z'
}
{
  message: 'Пользователь зашёл на страницу постов',
  level: 'info',
  timestamp: '2024-02-19T08:02:19.202Z'
}
{
  message: 'Пользователь зашёл на страницу регистрации',
  level: 'info',
  timestamp: '2024-02-19T08:02:19.785Z'
}
{
  message: 'Пользователь зашёл на главную страницу',
  level: 'info',
  timestamp: '2024-02-19T08:05:26.053Z'
}
{
  message: 'listen on port 3000',
  level: 'info',
  timestamp: '2024-02-19T08:05:26.064Z'
}
{
  message: 'Такой пользователь в базе уже существует',
  level: 'error',
  timestamp: '2024-02-19T08:05:39.786Z'
}
{
  message: 'Пользователь зашёл на главную страницу',
  level: 'info',
  timestamp: '2024-02-19T08:05:48.831Z'
}
{
  message: 'listen on port 3000',
  level: 'info',
  timestamp: '2024-02-19T08:05:48.848Z'
}
{
  message: 'Пользователь зашёл на страницу постов',
  level: 'info',
  timestamp: '2024-02-19T08:05:52.664Z'
}
{
  message: 'Пользователь зашёл на страницу регистрации',
  level: 'info',
  timestamp: '2024-02-19T08:05:54.232Z'
}
{
  message: 'Такой пользователь в базе уже существует',
  level: 'error',
  timestamp: '2024-02-19T08:06:05.217Z'
}
{
  message: 'Пользователь зашёл на страницу постов',
  level: 'info',
  timestamp: '2024-02-19T08:06:05.234Z'
}
{
  message: 'Пользователь зашёл на страницу логина',
  level: 'info',
  timestamp: '2024-02-19T08:06:11.555Z'
}
{
  message: 'Пользователь вошёл в аккаунт',
  level: 'info',
  timestamp: '2024-02-19T08:06:21.998Z'
}
{
  message: 'Пользователь зашёл на страницу постов',
  level: 'info',
  timestamp: '2024-02-19T08:06:22.006Z'
}
{
  message: 'Пользователь вышел',
  level: 'info',
  timestamp: '2024-02-19T08:06:28.409Z'
}
{
  message: 'Пользователь зашёл на страницу постов',
  level: 'info',
  timestamp: '2024-02-19T08:06:28.417Z'
}
{
  message: 'Пользователь зашёл на страницу регистрации',
  level: 'info',
  timestamp: '2024-02-19T08:06:30.035Z'
}
{
  message: 'Токен подготовлен : eyJhbGciOiJIUzI1NiIsInR5cCI6IkpXVCJ9.eyJuYW1lIjoiU2FzaGEiLCJpYXQiOjE3MDgzMzAwMTEsImV4cCI6MTcwODMzMzYxMX0._Q7PhEP0j39muKyHvSIqaoPChyV19qwoKhAi3sykj94',
  level: 'info',
  timestamp: '2024-02-19T08:06:51.832Z'
}
{
  message: 'Создался новый пользователь',
  level: 'info',
  timestamp: '2024-02-19T08:06:51.833Z'
}
{
  message: 'Пользователь зашёл на страницу постов',
  level: 'info',
  timestamp: '2024-02-19T08:06:51.853Z'
}
{
  message: 'Пользователь создал новый пост',
  level: 'info',
  timestamp: '2024-02-19T08:07:19.744Z'
}
{
  message: 'Пользователь зашёл на страницу постов',
  level: 'info',
  timestamp: '2024-02-19T08:07:19.762Z'
}
{
  message: 'Пользователь вышел',
  level: 'info',
  timestamp: '2024-02-19T08:08:39.442Z'
}
{
  message: 'Пользователь зашёл на страницу постов',
  level: 'info',
  timestamp: '2024-02-19T08:08:39.448Z'
}
{
  message: 'Пользователь зашёл на страницу регистрации',
  level: 'info',
  timestamp: '2024-02-19T08:08:40.319Z'
}
{
  message: 'Токен подготовлен : eyJhbGciOiJIUzI1NiIsInR5cCI6IkpXVCJ9.eyJuYW1lIjoic2x1dCIsImlhdCI6MTcwODMzMDE0OCwiZXhwIjoxNzA4MzMzNzQ4fQ.jtcvHsd6kgftqrEOAqBtx3VQ1ylmkuInJxUi_6PrZMs',
  level: 'info',
  timestamp: '2024-02-19T08:09:08.386Z'
}
{
  message: 'Создался новый пользователь',
  level: 'info',
  timestamp: '2024-02-19T08:09:08.386Z'
}
{
  message: 'Пользователь зашёл на страницу постов',
  level: 'info',
  timestamp: '2024-02-19T08:09:08.393Z'
}
