{
  message: 'Имя или пароль неверный',
  level: 'error',
  timestamp: '2024-02-11T19:57:37.074Z'
}
{
  message: 'Такой пользователь в базе уже существует',
  level: 'error',
  timestamp: '2024-02-11T19:58:35.837Z'
}
{
  message: 'Такой пользователь в базе уже существует',
  level: 'error',
  timestamp: '2024-02-11T19:59:31.163Z'
}
{
  message: "development, 404, Could't get path",
  level: 'error',
  timestamp: '2024-02-11T20:08:45.878Z'
}
{
  message: "development 404 Could't get path",
  level: 'error',
  timestamp: '2024-02-11T20:09:06.303Z'
}
{
  message: 'development undefined C:\\Users\\zasmo\\NODE-4\\views\\registerForm.ejs:17\n' +
    "    15|       <%#- include ('./partials/messages') %>\r\n" +
    '    16|       <p>Заполните форму ниже чтобы изменить пост</p>\r\n' +
    ' >> 17|       <form method="post" action="/update/<%= entry.id %>">\r\n' +
    '    18|         <div class="mb-3">\r\n' +
    '    19|           <label for="z" class="form-label">Title</label>\r\n' +
    '    20|           <input\r\n' +
    '\n' +
    'entry is not defined',
  level: 'error',
  timestamp: '2024-02-19T07:54:12.112Z'
}
{
  message: 'development undefined C:\\Users\\zasmo\\NODE-4\\views\\registerForm.ejs:17\n' +
    "    15|       <%#- include ('./partials/messages') %>\r\n" +
    '    16|       <p>Заполните форму ниже чтобы изменить пост</p>\r\n' +
    ' >> 17|       <form method="post" action="/update/<%= entry.id %>">\r\n' +
    '    18|         <div class="mb-3">\r\n' +
    '    19|           <label for="z" class="form-label">Title</label>\r\n' +
    '    20|           <input\r\n' +
    '\n' +
    'entry is not defined',
  level: 'error',
  timestamp: '2024-02-19T07:54:22.060Z'
}
{
  message: 'Такой пользователь в базе уже существует',
  level: 'error',
  timestamp: '2024-02-19T08:00:29.829Z'
}
{
  message: 'Такой пользователь в базе уже существует',
  level: 'error',
  timestamp: '2024-02-19T08:00:48.424Z'
}
{
  message: 'Такой пользователь в базе уже существует',
  level: 'error',
  timestamp: '2024-02-19T08:01:58.524Z'
}
{
  message: 'Такой пользователь в базе уже существует',
  level: 'error',
  timestamp: '2024-02-19T08:05:39.786Z'
}
{
  message: 'Такой пользователь в базе уже существует',
  level: 'error',
  timestamp: '2024-02-19T08:06:05.217Z'
}
{
  message: "development 404 Could't get path",
  level: 'error',
  timestamp: '2024-02-26T08:25:23.376Z'
}
{
  message: 'Такой пользователь в базе уже существует',
  level: 'error',
  timestamp: '2024-02-26T08:26:39.841Z'
}
{
  message: 'Такой пользователь в базе уже существует',
  level: 'error',
  timestamp: '2024-02-26T08:27:06.484Z'
}
{
  message: "development 404 Could't get path",
  level: 'error',
  timestamp: '2024-02-26T08:29:56.958Z'
}
{
  message: 'Такой пользователь в базе уже существует',
  level: 'error',
  timestamp: '2024-02-26T08:30:52.813Z'
}
{
  message: "development 404 Could't get path",
  level: 'error',
  timestamp: '2024-02-26T08:30:57.709Z'
}
{
  message: "development 404 Could't get path",
  level: 'error',
  timestamp: '2024-02-26T08:30:57.778Z'
}
{
  message: "development 404 Could't get path",
  level: 'error',
  timestamp: '2024-02-26T08:31:12.924Z'
}
{
  message: "development 404 Could't get path",
  level: 'error',
  timestamp: '2024-02-26T08:31:12.989Z'
}
{
  message: "development 404 Could't get path",
  level: 'error',
  timestamp: '2024-02-26T08:31:32.452Z'
}
{
  message: "development 404 Could't get path",
  level: 'error',
  timestamp: '2024-02-26T08:31:52.508Z'
}
{
  message: "development 404 Could't get path",
  level: 'error',
  timestamp: '2024-02-26T08:31:55.037Z'
}
{
  message: "development 404 Could't get path",
  level: 'error',
  timestamp: '2024-02-26T08:31:57.704Z'
}
{
  message: "development 404 Could't get path",
  level: 'error',
  timestamp: '2024-02-26T08:31:57.776Z'
}
{
  message: "development 404 Could't get path",
  level: 'error',
  timestamp: '2024-02-26T08:35:11.321Z'
}
{
  message: "development 404 Could't get path",
  level: 'error',
  timestamp: '2024-02-26T08:35:31.402Z'
}
{
  message: "development 404 Could't get path",
  level: 'error',
  timestamp: '2024-02-26T08:37:23.396Z'
}
{
  message: "development 404 Could't get path",
  level: 'error',
  timestamp: '2024-02-26T08:37:36.104Z'
}
{
  message: "development 404 Could't get path",
  level: 'error',
  timestamp: '2024-02-26T08:37:54.593Z'
}
{
  message: "development 404 Could't get path",
  level: 'error',
  timestamp: '2024-02-26T08:38:16.384Z'
}
{
  message: "development 404 Could't get path",
  level: 'error',
  timestamp: '2024-02-26T08:38:16.625Z'
}
{
  message: "development 404 Could't get path",
  level: 'error',
  timestamp: '2024-02-26T08:38:40.115Z'
}
{
  message: "development 404 Could't get path",
  level: 'error',
  timestamp: '2024-02-26T08:42:43.447Z'
}
{
  message: "development 404 Could't get path",
  level: 'error',
  timestamp: '2024-02-26T08:42:52.613Z'
}
{
  message: "development 404 Could't get path",
  level: 'error',
  timestamp: '2024-02-26T08:43:12.739Z'
}
{
  message: "development 404 Could't get path",
  level: 'error',
  timestamp: '2024-02-26T08:43:15.592Z'
}
{
  message: "development 404 Could't get path",
  level: 'error',
  timestamp: '2024-02-26T08:43:15.640Z'
}
{
  message: "development 404 Could't get path",
  level: 'error',
  timestamp: '2024-02-26T08:43:28.560Z'
}
{
  message: "development 404 Could't get path",
  level: 'error',
  timestamp: '2024-02-26T08:46:31.050Z'
}
{
  message: "development 404 Could't get path",
  level: 'error',
  timestamp: '2024-02-26T08:46:31.184Z'
}
{
  message: "development 404 Could't get path",
  level: 'error',
  timestamp: '2024-02-26T08:46:39.048Z'
}
{
  message: "development 404 Could't get path",
  level: 'error',
  timestamp: '2024-02-26T08:46:39.142Z'
}
{
  message: 'Такой пользователь в базе уже существует',
  level: 'error',
  timestamp: '2024-02-26T08:49:05.607Z'
}
{
  message: "development 404 Could't get path",
  level: 'error',
  timestamp: '2024-02-26T08:49:33.388Z'
}
{
  message: "development 404 Could't get path",
  level: 'error',
  timestamp: '2024-02-26T08:51:02.572Z'
}
{
  message: "development 404 Could't get path",
  level: 'error',
  timestamp: '2024-02-26T08:51:36.457Z'
}
{
  message: "development 404 Could't get path",
  level: 'error',
  timestamp: '2024-02-26T08:51:58.617Z'
}
{
  message: "development 404 Could't get path",
  level: 'error',
  timestamp: '2024-02-26T08:51:58.747Z'
}
{
  message: "development 404 Could't get path",
  level: 'error',
  timestamp: '2024-02-26T08:52:11.841Z'
}
{
  message: "development 404 Could't get path",
  level: 'error',
  timestamp: '2024-02-26T08:52:19.217Z'
}
{
  message: "development 404 Could't get path",
  level: 'error',
  timestamp: '2024-02-26T08:52:19.256Z'
}
{
  message: "development 404 Could't get path",
  level: 'error',
  timestamp: '2024-02-26T08:53:35.576Z'
}
{
  message: "development 404 Could't get path",
  level: 'error',
  timestamp: '2024-02-26T08:53:57.815Z'
}
{
  message: "development 404 Could't get path",
  level: 'error',
  timestamp: '2024-02-26T08:53:57.855Z'
}
{
  message: "development 404 Could't get path",
  level: 'error',
  timestamp: '2024-02-26T08:54:03.653Z'
}
{
  message: "development 404 Could't get path",
  level: 'error',
  timestamp: '2024-02-26T08:54:04.044Z'
}
{
  message: "development 404 Could't get path",
  level: 'error',
  timestamp: '2024-02-26T09:01:49.611Z'
}
{
  message: "development 404 Could't get path",
  level: 'error',
  timestamp: '2024-02-26T09:04:02.160Z'
}
{
  message: "development 404 Could't get path",
  level: 'error',
  timestamp: '2024-02-26T09:04:38.457Z'
}
{
  message: "development 404 Could't get path",
  level: 'error',
  timestamp: '2024-02-26T09:04:38.563Z'
}
{
  message: "development 404 Could't get path",
  level: 'error',
  timestamp: '2024-02-26T09:05:01.605Z'
}
{
  message: "development 404 Could't get path",
  level: 'error',
  timestamp: '2024-02-26T09:05:01.675Z'
}
{
  message: "development 404 Could't get path",
  level: 'error',
  timestamp: '2024-02-26T09:05:10.167Z'
}
{
  message: "development 404 Could't get path",
  level: 'error',
  timestamp: '2024-02-26T09:06:33.189Z'
}
{
  message: "development 404 Could't get path",
  level: 'error',
  timestamp: '2024-02-26T09:06:33.266Z'
}
{
  message: "development 404 Could't get path",
  level: 'error',
  timestamp: '2024-02-26T09:06:33.268Z'
}
{
  message: "development 404 Could't get path",
  level: 'error',
  timestamp: '2024-02-26T09:06:33.270Z'
}
{
  message: "development 404 Could't get path",
  level: 'error',
  timestamp: '2024-02-26T09:06:53.737Z'
}
{
  message: "development 404 Could't get path",
  level: 'error',
  timestamp: '2024-02-26T09:07:15.082Z'
}
{
  message: "development 404 Could't get path",
  level: 'error',
  timestamp: '2024-02-26T09:07:15.142Z'
}
{
  message: "development 404 Could't get path",
  level: 'error',
  timestamp: '2024-02-26T09:07:28.828Z'
}
{
  message: "development 404 Could't get path",
  level: 'error',
  timestamp: '2024-02-26T09:07:28.925Z'
}
{
  message: "development 404 Could't get path",
  level: 'error',
  timestamp: '2024-02-26T09:07:35.102Z'
}
{
  message: "development 404 Could't get path",
  level: 'error',
  timestamp: '2024-02-26T09:08:24.699Z'
}
{
  message: "development 404 Could't get path",
  level: 'error',
  timestamp: '2024-02-26T09:08:45.487Z'
}
{
  message: "development 404 Could't get path",
  level: 'error',
  timestamp: '2024-02-26T09:08:47.848Z'
}
{
  message: "development 404 Could't get path",
  level: 'error',
  timestamp: '2024-02-26T09:08:47.892Z'
}
{
  message: "development 404 Could't get path",
  level: 'error',
  timestamp: '2024-02-26T09:09:16.329Z'
}
{
  message: "development 404 Could't get path",
  level: 'error',
  timestamp: '2024-02-26T09:09:16.471Z'
}
{
  message: "development 404 Could't get path",
  level: 'error',
  timestamp: '2024-02-26T09:14:52.955Z'
}
{
  message: 'Имя или пароль неверный',
  level: 'error',
  timestamp: '2024-02-26T09:15:02.736Z'
}
{
  message: "development 404 Could't get path",
  level: 'error',
  timestamp: '2024-02-26T09:15:15.255Z'
}
{
  message: "development 404 Could't get path",
  level: 'error',
  timestamp: '2024-02-26T09:15:15.361Z'
}
{
  message: 'Имя или пароль неверный',
  level: 'error',
  timestamp: '2024-02-26T09:15:23.222Z'
}
{
  message: "development 404 Could't get path",
  level: 'error',
  timestamp: '2024-02-26T09:15:25.045Z'
}
{
  message: 'Имя или пароль неверный',
  level: 'error',
  timestamp: '2024-02-26T09:15:37.075Z'
}
{
  message: 'Имя или пароль неверный',
  level: 'error',
  timestamp: '2024-02-26T09:15:41.798Z'
}
{
  message: "development 404 Could't get path",
  level: 'error',
  timestamp: '2024-02-26T09:15:44.941Z'
}
{
  message: 'Имя или пароль неверный',
  level: 'error',
  timestamp: '2024-02-26T09:15:46.155Z'
}
{
  message: 'Имя или пароль неверный',
  level: 'error',
  timestamp: '2024-02-26T09:15:54.269Z'
}
{
  message: "development 404 Could't get path",
  level: 'error',
  timestamp: '2024-02-26T09:15:58.607Z'
}
{
  message: "development 404 Could't get path",
  level: 'error',
  timestamp: '2024-02-26T09:26:07.527Z'
}
{
  message: "development 404 Could't get path",
  level: 'error',
  timestamp: '2024-02-26T09:27:42.774Z'
}
{
  message: 'development undefined res.ClearCookie is not a function',
  level: 'error',
  timestamp: '2024-02-26T09:28:39.479Z'
}
{
  message: "development 404 Could't get path",
  level: 'error',
  timestamp: '2024-02-26T09:28:42.555Z'
}
{
  message: "development 404 Could't get path",
  level: 'error',
  timestamp: '2024-02-26T09:28:42.713Z'
}
{
  message: 'development undefined res.ClearCookie is not a function',
  level: 'error',
  timestamp: '2024-02-26T09:28:44.293Z'
}
{
  message: "development 404 Could't get path",
  level: 'error',
  timestamp: '2024-02-26T09:28:55.518Z'
}
{
  message: "development 404 Could't get path",
  level: 'error',
  timestamp: '2024-02-26T09:28:55.564Z'
}
{
  message: "development 404 Could't get path",
  level: 'error',
  timestamp: '2024-02-26T09:29:52.355Z'
}
{
  message: "development 404 Could't get path",
  level: 'error',
  timestamp: '2024-02-26T09:29:52.882Z'
}
{
  message: "development 404 Could't get path",
  level: 'error',
  timestamp: '2024-02-26T09:30:16.390Z'
}
{
  message: "development 404 Could't get path",
  level: 'error',
  timestamp: '2024-02-26T09:30:16.407Z'
}
{
  message: "development 404 Could't get path",
  level: 'error',
  timestamp: '2024-02-26T09:30:30.748Z'
}
{
  message: "development 404 Could't get path",
  level: 'error',
  timestamp: '2024-02-26T09:30:30.775Z'
}
{
  message: "development 404 Could't get path",
  level: 'error',
  timestamp: '2024-02-26T09:30:32.618Z'
}
{
  message: "development 404 Could't get path",
  level: 'error',
  timestamp: '2024-02-26T09:31:26.945Z'
}
{
  message: "development 404 Could't get path",
  level: 'error',
  timestamp: '2024-02-26T09:31:48.234Z'
}
{
  message: "development 404 Could't get path",
  level: 'error',
  timestamp: '2024-02-26T09:31:48.380Z'
}
{
  message: "development 404 Could't get path",
  level: 'error',
  timestamp: '2024-02-26T09:32:00.673Z'
}
{
  message: "development 404 Could't get path",
  level: 'error',
  timestamp: '2024-02-26T09:32:00.812Z'
}
{
  message: 'development undefined newUserser is not defined',
  level: 'error',
  timestamp: '2024-03-11T07:52:47.024Z'
}
{
  message: 'development 500 Code has expired',
  level: 'error',
  timestamp: '2024-03-11T07:53:01.833Z'
}
{
  message: 'development undefined Unknown authentication strategy "jwt"',
  level: 'error',
  timestamp: '2024-03-11T07:54:08.665Z'
}
{
  message: 'development undefined Unknown authentication strategy "jwt"',
  level: 'error',
  timestamp: '2024-03-11T07:55:56.491Z'
}
{
  message: 'development undefined Unknown authentication strategy "jwt"',
  level: 'error',
  timestamp: '2024-03-11T08:16:48.685Z'
}
{
  message: 'Имя или пароль неверный',
  level: 'error',
  timestamp: '2024-03-11T08:17:43.210Z'
}
{
  message: 'Имя или пароль неверный',
  level: 'error',
  timestamp: '2024-03-11T08:17:47.770Z'
}
{
  message: 'Имя или пароль неверный',
  level: 'error',
  timestamp: '2024-03-11T08:17:51.574Z'
}
{
  message: 'development undefined Unknown authentication strategy "jwt"',
  level: 'error',
  timestamp: '2024-03-11T08:18:27.675Z'
}
{
  message: 'development undefined Unknown authentication strategy "jwt"',
  level: 'error',
  timestamp: '2024-03-11T08:44:21.700Z'
}
